<?xml version="1.0" encoding="UTF-8"?>
<!-- Generated by org.testng.reporters.JUnitReportReporter -->
<testsuite hostname="DESKTOP-SI05A67" failures="0" tests="1" name="com.web.automation.base.TestNGRunner" time="9.385" errors="0" timestamp="2024-12-22T20:43:47 IST" skipped="0">
  <testcase classname="com.web.automation.base.TestNGRunner" name="runScenario" time="9.385"/>
</testsuite> <!-- com.web.automation.base.TestNGRunner -->
